<?xml version="1.0" encoding="UTF-8"?>
<testng-results skipped="0" failed="0" total="1" passed="1">
  <reporter-output>
  </reporter-output>
  <suite name="Default suite" duration-ms="106" started-at="2018-11-15T14:30:52Z" finished-at="2018-11-15T14:30:53Z">
    <groups>
    </groups>
    <test name="Default test" duration-ms="106" started-at="2018-11-15T14:30:52Z" finished-at="2018-11-15T14:30:53Z">
      <class name="fabric.chain.test.NewTest">
        <test-method status="PASS" signature="beforeTest()[pri:0, instance:fabric.chain.test.NewTest@46f5f779]" name="beforeTest" is-config="true" duration-ms="7" started-at="2018-11-15T22:30:52Z" finished-at="2018-11-15T22:30:53Z">
          <reporter-output>
          </reporter-output>
        </test-method> <!-- beforeTest -->
        <test-method status="PASS" signature="f()[pri:0, instance:fabric.chain.test.NewTest@46f5f779]" name="f" duration-ms="88" started-at="2018-11-15T22:30:53Z" finished-at="2018-11-15T22:30:53Z">
          <reporter-output>
          </reporter-output>
        </test-method> <!-- f -->
        <test-method status="PASS" signature="afterTest()[pri:0, instance:fabric.chain.test.NewTest@46f5f779]" name="afterTest" is-config="true" duration-ms="0" started-at="2018-11-15T22:30:53Z" finished-at="2018-11-15T22:30:53Z">
          <reporter-output>
          </reporter-output>
        </test-method> <!-- afterTest -->
      </class> <!-- fabric.chain.test.NewTest -->
    </test> <!-- Default test -->
  </suite> <!-- Default suite -->
</testng-results>
